d:\hal\就職\1月7日\dx22_01_plane\dx22_01_plane\dx22_01_plane\x64\debug\vc143.pdb
d:\hal\就職\1月7日\dx22_01_plane\dx22_01_plane\dx22_01_plane\x64\debug\vc143.idb
d:\hal\就職\1月7日\dx22_01_plane\dx22_01_plane\dx22_01_plane\x64\debug\sound.obj
d:\hal\就職\1月7日\dx22_01_plane\dx22_01_plane\dx22_01_plane\x64\debug\shader.obj
d:\hal\就職\1月7日\dx22_01_plane\dx22_01_plane\dx22_01_plane\x64\debug\titlescene.obj
d:\hal\就職\1月7日\dx22_01_plane\dx22_01_plane\dx22_01_plane\x64\debug\stage1scene.obj
d:\hal\就職\1月7日\dx22_01_plane\dx22_01_plane\dx22_01_plane\x64\debug\scene.obj
d:\hal\就職\1月7日\dx22_01_plane\dx22_01_plane\dx22_01_plane\x64\debug\loadingscene.obj
d:\hal\就職\1月7日\dx22_01_plane\dx22_01_plane\dx22_01_plane\x64\debug\gameoverscene.obj
d:\hal\就職\1月7日\dx22_01_plane\dx22_01_plane\dx22_01_plane\x64\debug\gameclearscene.obj
d:\hal\就職\1月7日\dx22_01_plane\dx22_01_plane\dx22_01_plane\x64\debug\renderer.obj
d:\hal\就職\1月7日\dx22_01_plane\dx22_01_plane\dx22_01_plane\x64\debug\player.obj
d:\hal\就職\1月7日\dx22_01_plane\dx22_01_plane\dx22_01_plane\x64\debug\object.obj
d:\hal\就職\1月7日\dx22_01_plane\dx22_01_plane\dx22_01_plane\x64\debug\main.obj
d:\hal\就職\1月7日\dx22_01_plane\dx22_01_plane\dx22_01_plane\x64\debug\input.obj
d:\hal\就職\1月7日\dx22_01_plane\dx22_01_plane\dx22_01_plane\x64\debug\ground.obj
d:\hal\就職\1月7日\dx22_01_plane\dx22_01_plane\dx22_01_plane\x64\debug\game.obj
d:\hal\就職\1月7日\dx22_01_plane\dx22_01_plane\dx22_01_plane\x64\debug\enemy.obj
d:\hal\就職\1月7日\dx22_01_plane\dx22_01_plane\dx22_01_plane\x64\debug\collision.obj
d:\hal\就職\1月7日\dx22_01_plane\dx22_01_plane\dx22_01_plane\x64\debug\camera.obj
d:\hal\就職\1月7日\dx22_01_plane\dx22_01_plane\dx22_01_plane\x64\debug\assimpperse.obj
d:\hal\就職\1月7日\dx22_01_plane\dx22_01_plane\dx22_01_plane\x64\debug\application.obj
d:\hal\就職\1月7日\dx22_01_plane\dx22_01_plane\dx22_01_plane\x64\debug\goal.obj
d:\hal\就職\1月7日\dx22_01_plane\dx22_01_plane\dx22_01_plane\x64\debug\wall.obj
d:\hal\就職\1月7日\dx22_01_plane\dx22_01_plane\dx22_01_plane\x64\debug\utility.obj
d:\hal\就職\1月7日\dx22_01_plane\dx22_01_plane\dx22_01_plane\x64\debug\texture2d.obj
d:\hal\就職\1月7日\dx22_01_plane\dx22_01_plane\dx22_01_plane\x64\debug\texture.obj
d:\hal\就職\1月7日\dx22_01_plane\dx22_01_plane\dx22_01_plane\x64\debug\testplane.obj
d:\hal\就職\1月7日\dx22_01_plane\dx22_01_plane\dx22_01_plane\x64\debug\testmodel.obj
d:\hal\就職\1月7日\dx22_01_plane\dx22_01_plane\dx22_01_plane\x64\debug\testcube.obj
d:\hal\就職\1月7日\dx22_01_plane\dx22_01_plane\dx22_01_plane\x64\debug\stb_image.obj
d:\hal\就職\1月7日\dx22_01_plane\dx22_01_plane\dx22_01_plane\x64\debug\staticmesh.obj
d:\hal\就職\1月7日\dx22_01_plane\dx22_01_plane\dx22_01_plane\x64\debug\statemachine.obj
d:\hal\就職\1月7日\dx22_01_plane\dx22_01_plane\dx22_01_plane\x64\debug\statebase.obj
d:\hal\就職\1月7日\dx22_01_plane\dx22_01_plane\dx22_01_plane\x64\debug\playermovestate.obj
d:\hal\就職\1月7日\dx22_01_plane\dx22_01_plane\dx22_01_plane\x64\debug\playeridlestate.obj
d:\hal\就職\1月7日\dx22_01_plane\dx22_01_plane\dx22_01_plane\x64\debug\enemywarningstate.obj
d:\hal\就職\1月7日\dx22_01_plane\dx22_01_plane\dx22_01_plane\x64\debug\enemysearchstate.obj
d:\hal\就職\1月7日\dx22_01_plane\dx22_01_plane\dx22_01_plane\x64\debug\enemypatrolstate.obj
d:\hal\就職\1月7日\dx22_01_plane\dx22_01_plane\dx22_01_plane\x64\debug\enemyidlestate.obj
d:\hal\就職\1月7日\dx22_01_plane\dx22_01_plane\dx22_01_plane\x64\debug\enemychasingstate.obj
d:\hal\就職\1月7日\dx22_01_plane\dx22_01_plane\dx22_01_plane\x64\debug\enemyattackstate.obj
d:\hal\就職\1月7日\dx22_01_plane\dx22_01_plane\x64\debug\littextureps.cso
d:\hal\就職\1月7日\dx22_01_plane\dx22_01_plane\x64\debug\littexturevs.cso
d:\hal\就職\1月7日\dx22_01_plane\dx22_01_plane\x64\debug\unlittextureps.cso
d:\hal\就職\1月7日\dx22_01_plane\dx22_01_plane\x64\debug\unlittexturevs.cso
d:\hal\就職\1月7日\dx22_01_plane\dx22_01_plane\x64\debug\dx22_01_plane.exe
d:\hal\就職\1月7日\dx22_01_plane\dx22_01_plane\x64\debug\dx22_01_plane.pdb
d:\hal\就職\1月7日\dx22_01_plane\dx22_01_plane\dx22_01_plane\x64\debug\dx22_01_plane.ilk
d:\hal\就職\1月7日\dx22_01_plane\dx22_01_plane\dx22_01_plane\x64\debug\dx22_01_plane.tlog\cl.command.1.tlog
d:\hal\就職\1月7日\dx22_01_plane\dx22_01_plane\dx22_01_plane\x64\debug\dx22_01_plane.tlog\cl.items.tlog
d:\hal\就職\1月7日\dx22_01_plane\dx22_01_plane\dx22_01_plane\x64\debug\dx22_01_plane.tlog\cl.read.1.tlog
d:\hal\就職\1月7日\dx22_01_plane\dx22_01_plane\dx22_01_plane\x64\debug\dx22_01_plane.tlog\cl.write.1.tlog
d:\hal\就職\1月7日\dx22_01_plane\dx22_01_plane\dx22_01_plane\x64\debug\dx22_01_plane.tlog\fxc.command.1.tlog
d:\hal\就職\1月7日\dx22_01_plane\dx22_01_plane\dx22_01_plane\x64\debug\dx22_01_plane.tlog\fxc.read.1.tlog
d:\hal\就職\1月7日\dx22_01_plane\dx22_01_plane\dx22_01_plane\x64\debug\dx22_01_plane.tlog\fxc.write.1.tlog
d:\hal\就職\1月7日\dx22_01_plane\dx22_01_plane\dx22_01_plane\x64\debug\dx22_01_plane.tlog\link.command.1.tlog
d:\hal\就職\1月7日\dx22_01_plane\dx22_01_plane\dx22_01_plane\x64\debug\dx22_01_plane.tlog\link.read.1.tlog
d:\hal\就職\1月7日\dx22_01_plane\dx22_01_plane\dx22_01_plane\x64\debug\dx22_01_plane.tlog\link.secondary.1.tlog
d:\hal\就職\1月7日\dx22_01_plane\dx22_01_plane\dx22_01_plane\x64\debug\dx22_01_plane.tlog\link.write.1.tlog
