d:\hal\就職\1月7日\dx22_01_plane\dx22_01_plane\dx22_01_plane\x64\release\vc143.pdb
d:\hal\就職\1月7日\dx22_01_plane\dx22_01_plane\dx22_01_plane\x64\release\sound.obj
d:\hal\就職\1月7日\dx22_01_plane\dx22_01_plane\dx22_01_plane\x64\release\shader.obj
d:\hal\就職\1月7日\dx22_01_plane\dx22_01_plane\dx22_01_plane\x64\release\titlescene.obj
d:\hal\就職\1月7日\dx22_01_plane\dx22_01_plane\dx22_01_plane\x64\release\stage1scene.obj
d:\hal\就職\1月7日\dx22_01_plane\dx22_01_plane\dx22_01_plane\x64\release\scene.obj
d:\hal\就職\1月7日\dx22_01_plane\dx22_01_plane\dx22_01_plane\x64\release\loadingscene.obj
d:\hal\就職\1月7日\dx22_01_plane\dx22_01_plane\dx22_01_plane\x64\release\gameoverscene.obj
d:\hal\就職\1月7日\dx22_01_plane\dx22_01_plane\dx22_01_plane\x64\release\gameclearscene.obj
d:\hal\就職\1月7日\dx22_01_plane\dx22_01_plane\dx22_01_plane\x64\release\renderer.obj
d:\hal\就職\1月7日\dx22_01_plane\dx22_01_plane\dx22_01_plane\x64\release\player.obj
d:\hal\就職\1月7日\dx22_01_plane\dx22_01_plane\dx22_01_plane\x64\release\object.obj
d:\hal\就職\1月7日\dx22_01_plane\dx22_01_plane\dx22_01_plane\x64\release\main.obj
d:\hal\就職\1月7日\dx22_01_plane\dx22_01_plane\dx22_01_plane\x64\release\input.obj
d:\hal\就職\1月7日\dx22_01_plane\dx22_01_plane\dx22_01_plane\x64\release\ground.obj
d:\hal\就職\1月7日\dx22_01_plane\dx22_01_plane\dx22_01_plane\x64\release\game.obj
d:\hal\就職\1月7日\dx22_01_plane\dx22_01_plane\dx22_01_plane\x64\release\enemy.obj
d:\hal\就職\1月7日\dx22_01_plane\dx22_01_plane\dx22_01_plane\x64\release\collision.obj
d:\hal\就職\1月7日\dx22_01_plane\dx22_01_plane\dx22_01_plane\x64\release\camera.obj
d:\hal\就職\1月7日\dx22_01_plane\dx22_01_plane\dx22_01_plane\x64\release\assimpperse.obj
d:\hal\就職\1月7日\dx22_01_plane\dx22_01_plane\dx22_01_plane\x64\release\application.obj
d:\hal\就職\1月7日\dx22_01_plane\dx22_01_plane\dx22_01_plane\x64\release\goal.obj
d:\hal\就職\1月7日\dx22_01_plane\dx22_01_plane\dx22_01_plane\x64\release\wall.obj
d:\hal\就職\1月7日\dx22_01_plane\dx22_01_plane\dx22_01_plane\x64\release\utility.obj
d:\hal\就職\1月7日\dx22_01_plane\dx22_01_plane\dx22_01_plane\x64\release\texture2d.obj
d:\hal\就職\1月7日\dx22_01_plane\dx22_01_plane\dx22_01_plane\x64\release\texture.obj
d:\hal\就職\1月7日\dx22_01_plane\dx22_01_plane\dx22_01_plane\x64\release\testplane.obj
d:\hal\就職\1月7日\dx22_01_plane\dx22_01_plane\dx22_01_plane\x64\release\testmodel.obj
d:\hal\就職\1月7日\dx22_01_plane\dx22_01_plane\dx22_01_plane\x64\release\testcube.obj
d:\hal\就職\1月7日\dx22_01_plane\dx22_01_plane\dx22_01_plane\x64\release\stb_image.obj
d:\hal\就職\1月7日\dx22_01_plane\dx22_01_plane\dx22_01_plane\x64\release\staticmesh.obj
d:\hal\就職\1月7日\dx22_01_plane\dx22_01_plane\dx22_01_plane\x64\release\statemachine.obj
d:\hal\就職\1月7日\dx22_01_plane\dx22_01_plane\dx22_01_plane\x64\release\statebase.obj
d:\hal\就職\1月7日\dx22_01_plane\dx22_01_plane\dx22_01_plane\x64\release\playermovestate.obj
d:\hal\就職\1月7日\dx22_01_plane\dx22_01_plane\dx22_01_plane\x64\release\playeridlestate.obj
d:\hal\就職\1月7日\dx22_01_plane\dx22_01_plane\dx22_01_plane\x64\release\enemywarningstate.obj
d:\hal\就職\1月7日\dx22_01_plane\dx22_01_plane\dx22_01_plane\x64\release\enemysearchstate.obj
d:\hal\就職\1月7日\dx22_01_plane\dx22_01_plane\dx22_01_plane\x64\release\enemypatrolstate.obj
d:\hal\就職\1月7日\dx22_01_plane\dx22_01_plane\dx22_01_plane\x64\release\enemyidlestate.obj
d:\hal\就職\1月7日\dx22_01_plane\dx22_01_plane\dx22_01_plane\x64\release\enemychasingstate.obj
d:\hal\就職\1月7日\dx22_01_plane\dx22_01_plane\dx22_01_plane\x64\release\enemyattackstate.obj
d:\hal\就職\1月7日\dx22_01_plane\dx22_01_plane\x64\release\littextureps.cso
d:\hal\就職\1月7日\dx22_01_plane\dx22_01_plane\x64\release\littexturevs.cso
d:\hal\就職\1月7日\dx22_01_plane\dx22_01_plane\x64\release\unlittextureps.cso
d:\hal\就職\1月7日\dx22_01_plane\dx22_01_plane\x64\release\unlittexturevs.cso
d:\hal\就職\1月7日\dx22_01_plane\dx22_01_plane\x64\release\dx22_01_plane.exe
d:\hal\就職\1月7日\dx22_01_plane\dx22_01_plane\x64\release\dx22_01_plane.pdb
d:\hal\就職\1月7日\dx22_01_plane\dx22_01_plane\dx22_01_plane\x64\release\dx22_01_plane.ipdb
d:\hal\就職\1月7日\dx22_01_plane\dx22_01_plane\dx22_01_plane\x64\release\dx22_01_plane.iobj
d:\hal\就職\1月7日\dx22_01_plane\dx22_01_plane\dx22_01_plane\x64\release\dx22_01_plane.tlog\cl.command.1.tlog
d:\hal\就職\1月7日\dx22_01_plane\dx22_01_plane\dx22_01_plane\x64\release\dx22_01_plane.tlog\cl.items.tlog
d:\hal\就職\1月7日\dx22_01_plane\dx22_01_plane\dx22_01_plane\x64\release\dx22_01_plane.tlog\cl.read.1.tlog
d:\hal\就職\1月7日\dx22_01_plane\dx22_01_plane\dx22_01_plane\x64\release\dx22_01_plane.tlog\cl.write.1.tlog
d:\hal\就職\1月7日\dx22_01_plane\dx22_01_plane\dx22_01_plane\x64\release\dx22_01_plane.tlog\fxc.command.1.tlog
d:\hal\就職\1月7日\dx22_01_plane\dx22_01_plane\dx22_01_plane\x64\release\dx22_01_plane.tlog\fxc.read.1.tlog
d:\hal\就職\1月7日\dx22_01_plane\dx22_01_plane\dx22_01_plane\x64\release\dx22_01_plane.tlog\fxc.write.1.tlog
d:\hal\就職\1月7日\dx22_01_plane\dx22_01_plane\dx22_01_plane\x64\release\dx22_01_plane.tlog\link.command.1.tlog
d:\hal\就職\1月7日\dx22_01_plane\dx22_01_plane\dx22_01_plane\x64\release\dx22_01_plane.tlog\link.read.1.tlog
d:\hal\就職\1月7日\dx22_01_plane\dx22_01_plane\dx22_01_plane\x64\release\dx22_01_plane.tlog\link.secondary.1.tlog
d:\hal\就職\1月7日\dx22_01_plane\dx22_01_plane\dx22_01_plane\x64\release\dx22_01_plane.tlog\link.write.1.tlog
